c:\users\office_1\source\repos\rpg\rpgengine\debug\rpgengine.pdb
c:\users\office_1\source\repos\rpg\rpgengine\debug\rpgengine.idb
c:\users\office_1\source\repos\rpg\rpgengine\debug\tile.obj
c:\users\office_1\source\repos\rpg\rpgengine\debug\textureslicefield.obj
c:\users\office_1\source\repos\rpg\rpgengine\debug\button.obj
c:\users\office_1\source\repos\rpg\rpgengine\debug\rpgengine.pch
c:\users\office_1\source\repos\rpg\rpgengine\debug\stdafx.obj
c:\users\office_1\source\repos\rpg\rpgengine\debug\spriteoutline.obj
c:\users\office_1\source\repos\rpg\rpgengine\debug\scrollview.obj
c:\users\office_1\source\repos\rpg\rpgengine\debug\scene.obj
c:\users\office_1\source\repos\rpg\rpgengine\debug\input.obj
c:\users\office_1\source\repos\rpg\rpgengine\debug\gameobject.obj
c:\users\office_1\source\repos\rpg\rpgengine\debug\application.obj
c:\users\office_1\source\repos\rpg\debug\rpgengine.lib
c:\users\office_1\source\repos\rpg\debug\rpgengine.pdb
c:\users\office_1\source\repos\rpg\rpgengine\debug\rpgengine.tlog\cl.command.1.tlog
c:\users\office_1\source\repos\rpg\rpgengine\debug\rpgengine.tlog\cl.read.1.tlog
c:\users\office_1\source\repos\rpg\rpgengine\debug\rpgengine.tlog\cl.write.1.tlog
c:\users\office_1\source\repos\rpg\rpgengine\debug\rpgengine.tlog\lib-link.read.1.tlog
c:\users\office_1\source\repos\rpg\rpgengine\debug\rpgengine.tlog\lib-link.write.1.tlog
c:\users\office_1\source\repos\rpg\rpgengine\debug\rpgengine.tlog\lib.command.1.tlog
